<?xml version="1.0" encoding="UTF-8"?>
<!-- Generated by org.testng.reporters.JUnitReportReporter -->
<testsuite hostname="HARMAN" failures="0" tests="4" name="tests.LoginTest" time="138.461" errors="0" timestamp="14 Jul 2022 22:40:03 GMT" skipped="0">
  <testcase classname="tests.LoginTest" name="LoginWithSpecialCharEmailTest" time="74.233"/>
  <testcase classname="tests.LoginTest" name="LoginWithWrongEmailPasswordTest" time="20.714"/>
  <testcase classname="tests.LoginTest" name="LoginWithEmptyPassTest" time="18.161"/>
  <testcase classname="tests.LoginTest" name="LoginWithEmptyEmailTest" time="25.353"/>
</testsuite> <!-- tests.LoginTest -->
